<?xml version="1.0" encoding="UTF-8"?>
<testsuite xmlns:xsi="http://www.w3.org/2001/XMLSchema-instance" xsi:noNamespaceSchemaLocation="https://maven.apache.org/surefire/maven-surefire-plugin/xsd/surefire-test-report-3.0.xsd" version="3.0" name="TestSuite" time="112.991" tests="3" errors="0" skipped="0" failures="0">
  <properties>
[...]
</properties>
  <testcase name="verifyRegisteredUserLogin[rishikeshy11@gmail.com, pass1234, Rishikesh Yadav](1)" classname="com.mystore.testcases.MyAccountDataDrivenPageTest" time="14.369">
    <system-out><![CDATA[Deleted old report: MyStoreTestReport-2025.43.31.09.43.41.html
On Start method invoked....
[DEBUG] 2025-03-31 21:51:39.099 [main] PackageRelationshipCollection - Parsing relationship: /xl/_rels/workbook.xml.rels
[DEBUG] 2025-03-31 21:51:39.117 [main] PackageRelationshipCollection - Parsing relationship: /xl/worksheets/_rels/sheet1.xml.rels
[DEBUG] 2025-03-31 21:51:39.125 [main] PackageRelationshipCollection - Parsing relationship: /xl/worksheets/_rels/sheet2.xml.rels
[DEBUG] 2025-03-31 21:51:39.137 [main] PackageRelationshipCollection - Parsing relationship: /_rels/.rels
[DEBUG] 2025-03-31 21:51:41.055 [main] PackageRelationshipCollection - Parsing relationship: /xl/_rels/workbook.xml.rels
[DEBUG] 2025-03-31 21:51:41.061 [main] PackageRelationshipCollection - Parsing relationship: /xl/worksheets/_rels/sheet1.xml.rels
[DEBUG] 2025-03-31 21:51:41.064 [main] PackageRelationshipCollection - Parsing relationship: /xl/worksheets/_rels/sheet2.xml.rels
[DEBUG] 2025-03-31 21:51:41.079 [main] PackageRelationshipCollection - Parsing relationship: /_rels/.rels
[DEBUG] 2025-03-31 21:51:41.529 [main] PackageRelationshipCollection - Parsing relationship: /xl/_rels/workbook.xml.rels
[DEBUG] 2025-03-31 21:51:41.540 [main] PackageRelationshipCollection - Parsing relationship: /xl/worksheets/_rels/sheet1.xml.rels
[DEBUG] 2025-03-31 21:51:41.544 [main] PackageRelationshipCollection - Parsing relationship: /xl/worksheets/_rels/sheet2.xml.rels
[DEBUG] 2025-03-31 21:51:41.546 [main] PackageRelationshipCollection - Parsing relationship: /_rels/.rels
[DEBUG] 2025-03-31 21:51:41.760 [main] PackageRelationshipCollection - Parsing relationship: /xl/_rels/workbook.xml.rels
[DEBUG] 2025-03-31 21:51:41.761 [main] PackageRelationshipCollection - Parsing relationship: /xl/worksheets/_rels/sheet1.xml.rels
[DEBUG] 2025-03-31 21:51:41.763 [main] PackageRelationshipCollection - Parsing relationship: /xl/worksheets/_rels/sheet2.xml.rels
[DEBUG] 2025-03-31 21:51:41.766 [main] PackageRelationshipCollection - Parsing relationship: /_rels/.rels
[DEBUG] 2025-03-31 21:51:41.960 [main] PackageRelationshipCollection - Parsing relationship: /xl/_rels/workbook.xml.rels
[DEBUG] 2025-03-31 21:51:41.971 [main] PackageRelationshipCollection - Parsing relationship: /xl/worksheets/_rels/sheet1.xml.rels
[DEBUG] 2025-03-31 21:51:41.976 [main] PackageRelationshipCollection - Parsing relationship: /xl/worksheets/_rels/sheet2.xml.rels
[DEBUG] 2025-03-31 21:51:41.981 [main] PackageRelationshipCollection - Parsing relationship: /_rels/.rels
[DEBUG] 2025-03-31 21:51:42.196 [main] PackageRelationshipCollection - Parsing relationship: /xl/_rels/workbook.xml.rels
[DEBUG] 2025-03-31 21:51:42.200 [main] PackageRelationshipCollection - Parsing relationship: /xl/worksheets/_rels/sheet1.xml.rels
[DEBUG] 2025-03-31 21:51:42.209 [main] PackageRelationshipCollection - Parsing relationship: /xl/worksheets/_rels/sheet2.xml.rels
[DEBUG] 2025-03-31 21:51:42.211 [main] PackageRelationshipCollection - Parsing relationship: /_rels/.rels
[DEBUG] 2025-03-31 21:51:42.455 [main] PackageRelationshipCollection - Parsing relationship: /xl/_rels/workbook.xml.rels
[DEBUG] 2025-03-31 21:51:42.459 [main] PackageRelationshipCollection - Parsing relationship: /xl/worksheets/_rels/sheet1.xml.rels
[DEBUG] 2025-03-31 21:51:42.461 [main] PackageRelationshipCollection - Parsing relationship: /xl/worksheets/_rels/sheet2.xml.rels
[DEBUG] 2025-03-31 21:51:42.465 [main] PackageRelationshipCollection - Parsing relationship: /_rels/.rels
[DEBUG] 2025-03-31 21:51:42.701 [main] PackageRelationshipCollection - Parsing relationship: /xl/_rels/workbook.xml.rels
[DEBUG] 2025-03-31 21:51:42.710 [main] PackageRelationshipCollection - Parsing relationship: /xl/worksheets/_rels/sheet1.xml.rels
[DEBUG] 2025-03-31 21:51:42.712 [main] PackageRelationshipCollection - Parsing relationship: /xl/worksheets/_rels/sheet2.xml.rels
[DEBUG] 2025-03-31 21:51:42.721 [main] PackageRelationshipCollection - Parsing relationship: /_rels/.rels
[INFO ] 2025-03-31 21:51:53.064 [main] MyStoreV1 - Browser setup completed
Name of test method started:verifyRegisteredUserLogin
[INFO ] 2025-03-31 21:51:54.480 [main] MyStoreV1 - url opened
[INFO ] 2025-03-31 21:51:59.918 [main] MyStoreV1 - Email ID entered
[INFO ] 2025-03-31 21:52:00.338 [main] MyStoreV1 - Password entered
[INFO ] 2025-03-31 21:52:01.991 [main] MyStoreV1 - Clicked on Sign In button.
[INFO ] 2025-03-31 21:52:02.204 [main] MyStoreV1 - Logged In Successfully
[INFO ] 2025-03-31 21:52:07.195 [main] MyStoreV1 - Logged Out successfully
Name of test method sucessfully executed:verifyRegisteredUserLogin
]]></system-out>
    <system-err><![CDATA[[main] INFO io.github.bonigarcia.wdm.WebDriverManager - Using chromedriver 134.0.6998.165 (resolved driver for Chrome 134)
[main] INFO io.github.bonigarcia.wdm.WebDriverManager - Exporting webdriver.chrome.driver as C:\WINDOWS\system32\config\systemprofile\.cache\selenium\chromedriver\win64\134.0.6998.165\chromedriver.exe
Mar 31, 2025 9:51:52 PM org.openqa.selenium.devtools.CdpVersionFinder findNearestMatch
WARNING: Unable to find CDP implementation matching 134
Mar 31, 2025 9:51:52 PM org.openqa.selenium.chromium.ChromiumDriver lambda$new$5
WARNING: Unable to find version of CDP to use for 134.0.6998.178. You may need to include a dependency on a specific version of the CDP using something similar to `org.seleniumhq.selenium:selenium-devtools-v86:4.21.0` where the version ("v86") matches the version of the chromium-based browser you're using and the version number of the artifact is the same as Selenium's.
]]></system-err>
  </testcase>
  <testcase name="verifyRegisteredUserLogin[rishikeshy21@gmail.com, pass1234, Rishikesh Yadav](2)" classname="com.mystore.testcases.MyAccountDataDrivenPageTest" time="16.27">
    <system-out><![CDATA[[INFO ] 2025-03-31 21:52:12.224 [main] MyStoreV1 - Browser setup completed
Name of test method started:verifyRegisteredUserLogin
[INFO ] 2025-03-31 21:52:14.495 [main] MyStoreV1 - url opened
[INFO ] 2025-03-31 21:52:21.388 [main] MyStoreV1 - Email ID entered
[INFO ] 2025-03-31 21:52:21.627 [main] MyStoreV1 - Password entered
[INFO ] 2025-03-31 21:52:23.825 [main] MyStoreV1 - Clicked on Sign In button.
[INFO ] 2025-03-31 21:52:23.947 [main] MyStoreV1 - Logged In Successfully
[INFO ] 2025-03-31 21:52:28.497 [main] MyStoreV1 - Logged Out successfully
Name of test method sucessfully executed:verifyRegisteredUserLogin
]]></system-out>
    <system-err><![CDATA[Mar 31, 2025 9:52:07 PM org.openqa.selenium.remote.http.WebSocket$Listener onError
WARNING: Connection reset
java.net.SocketException: Connection reset
	at java.base/sun.nio.ch.SocketChannelImpl.throwConnectionReset(SocketChannelImpl.java:394)
	at java.base/sun.nio.ch.SocketChannelImpl.read(SocketChannelImpl.java:426)
	at java.net.http/jdk.internal.net.http.SocketTube.readAvailable(SocketTube.java:1170)
	at java.net.http/jdk.internal.net.http.SocketTube$InternalReadPublisher$InternalReadSubscription.read(SocketTube.java:833)
	at java.net.http/jdk.internal.net.http.SocketTube$SocketFlowTask.run(SocketTube.java:181)
	at java.net.http/jdk.internal.net.http.common.SequentialScheduler$SchedulableTask.run(SequentialScheduler.java:230)
	at java.net.http/jdk.internal.net.http.common.SequentialScheduler.runOrSchedule(SequentialScheduler.java:303)
	at java.net.http/jdk.internal.net.http.common.SequentialScheduler.runOrSchedule(SequentialScheduler.java:256)
	at java.net.http/jdk.internal.net.http.SocketTube$InternalReadPublisher$InternalReadSubscription.signalReadable(SocketTube.java:774)
	at java.net.http/jdk.internal.net.http.SocketTube$InternalReadPublisher$ReadEvent.signalEvent(SocketTube.java:957)
	at java.net.http/jdk.internal.net.http.SocketTube$SocketFlowEvent.handle(SocketTube.java:253)
	at java.net.http/jdk.internal.net.http.HttpClientImpl$SelectorManager.handleEvent(HttpClientImpl.java:982)
	at java.net.http/jdk.internal.net.http.HttpClientImpl$SelectorManager.lambda$run$3(HttpClientImpl.java:937)
	at java.base/java.util.ArrayList.forEach(ArrayList.java:1511)
	at java.net.http/jdk.internal.net.http.HttpClientImpl$SelectorManager.run(HttpClientImpl.java:937)

[main] INFO io.github.bonigarcia.wdm.WebDriverManager - Using chromedriver 134.0.6998.165 (resolved driver for Chrome 134)
[main] INFO io.github.bonigarcia.wdm.WebDriverManager - Exporting webdriver.chrome.driver as C:\WINDOWS\system32\config\systemprofile\.cache\selenium\chromedriver\win64\134.0.6998.165\chromedriver.exe
Mar 31, 2025 9:52:11 PM org.openqa.selenium.devtools.CdpVersionFinder findNearestMatch
WARNING: Unable to find CDP implementation matching 134
Mar 31, 2025 9:52:11 PM org.openqa.selenium.chromium.ChromiumDriver lambda$new$5
WARNING: Unable to find version of CDP to use for 134.0.6998.178. You may need to include a dependency on a specific version of the CDP using something similar to `org.seleniumhq.selenium:selenium-devtools-v86:4.21.0` where the version ("v86") matches the version of the chromium-based browser you're using and the version number of the artifact is the same as Selenium's.
]]></system-err>
  </testcase>
  <testcase name="VerifySearchProduct" classname="com.mystore.testcases.ProductPageTest" time="8.965">
    <system-out><![CDATA[[INFO ] 2025-03-31 21:52:31.137 [main] MyStoreV1 - Browser setup completed
Name of test method started:VerifyBuyProduct
[INFO ] 2025-03-31 21:52:31.141 [main] MyStoreV1 - 
***************TestCase Buy Product started*****************
[INFO ] 2025-03-31 21:52:34.958 [main] MyStoreV1 - Url opened
[INFO ] 2025-03-31 21:52:36.365 [main] MyStoreV1 - User Email and Password entered.
[INFO ] 2025-03-31 21:52:37.666 [main] MyStoreV1 - Sign In link clicked
[INFO ] 2025-03-31 21:52:37.834 [main] MyStoreV1 - T-shirt entered in search box
[INFO ] 2025-03-31 21:52:38.485 [main] MyStoreV1 - clicked on search button
[INFO ] 2025-03-31 21:52:40.556 [main] MyStoreV1 - Clicked on more button
Name of test method failed: VerifyBuyProduct
Screenshot Path: D:\Workspace\MyStore\ScreenShots\VerifyBuyProduct.png
Screenshot not found!
[INFO ] 2025-03-31 21:52:56.661 [main] MyStoreV1 - Browser setup completed
Name of test method started:VerifySearchProduct
[INFO ] 2025-03-31 21:53:00.845 [main] MyStoreV1 - Url opened
[INFO ] 2025-03-31 21:53:00.845 [main] MyStoreV1 - 
***************TestCase Search Product started*****************
[INFO ] 2025-03-31 21:53:02.041 [main] MyStoreV1 - User Email and Password entered.
[INFO ] 2025-03-31 21:53:03.395 [main] MyStoreV1 - Sign In link clicked
[INFO ] 2025-03-31 21:53:04.479 [main] MyStoreV1 - Search Product testcase - Passed
[INFO ] 2025-03-31 21:53:05.626 [main] MyStoreV1 - ***************TestCase Search Product ends*****************
Name of test method sucessfully executed:VerifySearchProduct
]]></system-out>
    <system-err><![CDATA[Mar 31, 2025 9:52:28 PM org.openqa.selenium.remote.http.WebSocket$Listener onError
WARNING: Connection reset
java.net.SocketException: Connection reset
	at java.base/sun.nio.ch.SocketChannelImpl.throwConnectionReset(SocketChannelImpl.java:394)
	at java.base/sun.nio.ch.SocketChannelImpl.read(SocketChannelImpl.java:426)
	at java.net.http/jdk.internal.net.http.SocketTube.readAvailable(SocketTube.java:1170)
	at java.net.http/jdk.internal.net.http.SocketTube$InternalReadPublisher$InternalReadSubscription.read(SocketTube.java:833)
	at java.net.http/jdk.internal.net.http.SocketTube$SocketFlowTask.run(SocketTube.java:181)
	at java.net.http/jdk.internal.net.http.common.SequentialScheduler$SchedulableTask.run(SequentialScheduler.java:230)
	at java.net.http/jdk.internal.net.http.common.SequentialScheduler.runOrSchedule(SequentialScheduler.java:303)
	at java.net.http/jdk.internal.net.http.common.SequentialScheduler.runOrSchedule(SequentialScheduler.java:256)
	at java.net.http/jdk.internal.net.http.SocketTube$InternalReadPublisher$InternalReadSubscription.signalReadable(SocketTube.java:774)
	at java.net.http/jdk.internal.net.http.SocketTube$InternalReadPublisher$ReadEvent.signalEvent(SocketTube.java:957)
	at java.net.http/jdk.internal.net.http.SocketTube$SocketFlowEvent.handle(SocketTube.java:253)
	at java.net.http/jdk.internal.net.http.HttpClientImpl$SelectorManager.handleEvent(HttpClientImpl.java:982)
	at java.net.http/jdk.internal.net.http.HttpClientImpl$SelectorManager.lambda$run$3(HttpClientImpl.java:937)
	at java.base/java.util.ArrayList.forEach(ArrayList.java:1511)
	at java.net.http/jdk.internal.net.http.HttpClientImpl$SelectorManager.run(HttpClientImpl.java:937)

[main] INFO io.github.bonigarcia.wdm.WebDriverManager - Using chromedriver 134.0.6998.165 (resolved driver for Chrome 134)
[main] INFO io.github.bonigarcia.wdm.WebDriverManager - Exporting webdriver.chrome.driver as C:\WINDOWS\system32\config\systemprofile\.cache\selenium\chromedriver\win64\134.0.6998.165\chromedriver.exe
Mar 31, 2025 9:52:31 PM org.openqa.selenium.devtools.CdpVersionFinder findNearestMatch
WARNING: Unable to find CDP implementation matching 134
Mar 31, 2025 9:52:31 PM org.openqa.selenium.chromium.ChromiumDriver lambda$new$5
WARNING: Unable to find version of CDP to use for 134.0.6998.178. You may need to include a dependency on a specific version of the CDP using something similar to `org.seleniumhq.selenium:selenium-devtools-v86:4.21.0` where the version ("v86") matches the version of the chromium-based browser you're using and the version number of the artifact is the same as Selenium's.
Mar 31, 2025 9:52:54 PM org.openqa.selenium.remote.http.WebSocket$Listener onError
WARNING: Connection reset
java.net.SocketException: Connection reset
	at java.base/sun.nio.ch.SocketChannelImpl.throwConnectionReset(SocketChannelImpl.java:394)
	at java.base/sun.nio.ch.SocketChannelImpl.read(SocketChannelImpl.java:426)
	at java.net.http/jdk.internal.net.http.SocketTube.readAvailable(SocketTube.java:1170)
	at java.net.http/jdk.internal.net.http.SocketTube$InternalReadPublisher$InternalReadSubscription.read(SocketTube.java:833)
	at java.net.http/jdk.internal.net.http.SocketTube$SocketFlowTask.run(SocketTube.java:181)
	at java.net.http/jdk.internal.net.http.common.SequentialScheduler$SchedulableTask.run(SequentialScheduler.java:230)
	at java.net.http/jdk.internal.net.http.common.SequentialScheduler.runOrSchedule(SequentialScheduler.java:303)
	at java.net.http/jdk.internal.net.http.common.SequentialScheduler.runOrSchedule(SequentialScheduler.java:256)
	at java.net.http/jdk.internal.net.http.SocketTube$InternalReadPublisher$InternalReadSubscription.signalReadable(SocketTube.java:774)
	at java.net.http/jdk.internal.net.http.SocketTube$InternalReadPublisher$ReadEvent.signalEvent(SocketTube.java:957)
	at java.net.http/jdk.internal.net.http.SocketTube$SocketFlowEvent.handle(SocketTube.java:253)
	at java.net.http/jdk.internal.net.http.HttpClientImpl$SelectorManager.handleEvent(HttpClientImpl.java:982)
	at java.net.http/jdk.internal.net.http.HttpClientImpl$SelectorManager.lambda$run$3(HttpClientImpl.java:937)
	at java.base/java.util.ArrayList.forEach(ArrayList.java:1511)
	at java.net.http/jdk.internal.net.http.HttpClientImpl$SelectorManager.run(HttpClientImpl.java:937)

[main] INFO io.github.bonigarcia.wdm.WebDriverManager - Using chromedriver 134.0.6998.165 (resolved driver for Chrome 134)
[main] INFO io.github.bonigarcia.wdm.WebDriverManager - Exporting webdriver.chrome.driver as C:\WINDOWS\system32\config\systemprofile\.cache\selenium\chromedriver\win64\134.0.6998.165\chromedriver.exe
Mar 31, 2025 9:52:56 PM org.openqa.selenium.devtools.CdpVersionFinder findNearestMatch
WARNING: Unable to find CDP implementation matching 134
Mar 31, 2025 9:52:56 PM org.openqa.selenium.chromium.ChromiumDriver lambda$new$5
WARNING: Unable to find version of CDP to use for 134.0.6998.178. You may need to include a dependency on a specific version of the CDP using something similar to `org.seleniumhq.selenium:selenium-devtools-v86:4.21.0` where the version ("v86") matches the version of the chromium-based browser you're using and the version number of the artifact is the same as Selenium's.
]]></system-err>
  </testcase>
</testsuite>